\BOOKMARK [1][-]{section.1}{\376\377\000I\000n\000t\000e\000l\000i\000g\000e\000n\000t\000n\000y\000\040\000A\000s\000y\000s\000t\000e\000n\000t\000\040\001\132\000n\000i\000a\000d\000a\001\104}{}% 1
\BOOKMARK [2][-]{subsection.1.1}{\376\377\000O\000p\000i\000s\000\040\000P\000r\000o\000j\000e\000k\000t\000u}{section.1}% 2
\BOOKMARK [2][-]{subsection.1.2}{\376\377\000W\000y\000m\000a\000g\000a\000n\000i\000a\000\040\000P\000r\000o\000j\000e\000k\000t\000o\000w\000e}{section.1}% 3
\BOOKMARK [3][-]{subsubsection.1.2.1}{\376\377\000F\000u\000n\000k\000c\000j\000o\000n\000a\000l\000n\000o\001\133\001\007}{subsection.1.2}% 4
\BOOKMARK [3][-]{subsubsection.1.2.2}{\376\377\000T\000e\000c\000h\000n\000o\000l\000o\000g\000i\000a}{subsection.1.2}% 5
\BOOKMARK [3][-]{subsubsection.1.2.3}{\376\377\000W\000y\000d\000a\000j\000n\000o\001\133\001\007}{subsection.1.2}% 6
\BOOKMARK [3][-]{subsubsection.1.2.4}{\376\377\000U\000t\000r\000z\000y\000m\000a\000n\000i\000e\000\040\000i\000\040\000W\000s\000p\000a\000r\000c\000i\000e}{subsection.1.2}% 7
\BOOKMARK [3][-]{subsubsection.1.2.5}{\376\377\000T\000e\000s\000t\000o\000w\000a\000n\000i\000e}{subsection.1.2}% 8
\BOOKMARK [1][-]{section.2}{\376\377\000W\000B\000S\000\040\000-\000\040\000W\000o\000r\000k\000\040\000B\000r\000e\000a\000k\000d\000o\000w\000n\000\040\000S\000t\000r\000u\000c\000t\000u\000r\000e}{}% 9
\BOOKMARK [1][-]{section.3}{\376\377\000W\000o\000r\000k\000\040\000P\000a\000c\000k\000a\000g\000e\000s\000\040\000-\000\040\000P\000o\000d\000e\000j\001\133\000c\000i\000e\000\040\000W\000a\000t\000e\000r\000f\000a\000l\000l}{}% 10
\BOOKMARK [1][-]{section.4}{\376\377\000W\000y\000k\000r\000e\000s\000\040\000G\000a\000n\000t\000t\000a}{}% 11
\BOOKMARK [1][-]{section.5}{\376\377\000Z\000a\000s\000o\000b\000y\000\040\000p\000r\000o\000j\000e\000k\000t\000u}{}% 12
\BOOKMARK [2][-]{subsection.5.1}{\376\377\000Z\000a\000s\000o\000b\000y\000\040\000l\000u\000d\000z\000k\000i\000e}{section.5}% 13
\BOOKMARK [2][-]{subsection.5.2}{\376\377\000Z\000a\000s\000o\000b\000y\000\040\000t\000e\000c\000h\000n\000o\000l\000o\000g\000i\000c\000z\000n\000e}{section.5}% 14
\BOOKMARK [3][-]{subsubsection.5.2.1}{\376\377\000H\000a\000r\000d\000w\000a\000r\000e\000:}{subsection.5.2}% 15
\BOOKMARK [3][-]{subsubsection.5.2.2}{\376\377\000S\000o\000f\000t\000w\000a\000r\000e\000:}{subsection.5.2}% 16
\BOOKMARK [3][-]{subsubsection.5.2.3}{\376\377\000H\000a\000r\000d\000w\000a\000r\000e\000:}{subsection.5.2}% 17
\BOOKMARK [3][-]{subsubsection.5.2.4}{\376\377\000S\000o\000f\000t\000w\000a\000r\000e\000:}{subsection.5.2}% 18
\BOOKMARK [2][-]{subsection.5.3}{\376\377\000Z\000a\000s\000o\000b\000y\000\040\000f\000i\000n\000a\000n\000s\000o\000w\000e}{section.5}% 19
\BOOKMARK [1][-]{section.6}{\376\377\000K\000o\000s\000z\000t\000y}{}% 20
\BOOKMARK [2][-]{subsection.6.1}{\376\377\000T\000a\000b\000e\000l\000a\000\040\000k\000o\000s\000z\000t\000\363\000w}{section.6}% 21
\BOOKMARK [2][-]{subsection.6.2}{\376\377\000R\000o\000z\000k\001\102\000a\000d\000\040\000k\000o\000s\000z\000t\000\363\000w\000\040\000w\000\040\000c\000z\000a\000s\000i\000e}{section.6}% 22
